{"C:\\Users\\James\\Documents\\GitHub\\Javascript-3\\js\\modules\\renderRecommendation.js": {"path":"C:\\Users\\James\\Documents\\GitHub\\Javascript-3\\js\\modules\\renderRecommendation.js","statementMap":{"0":{"start":{"line":12,"column":4},"end":{"line":12,"column":58}},"1":{"start":{"line":13,"column":2},"end":{"line":13,"column":41}},"2":{"start":{"line":15,"column":16},"end":{"line":15,"column":44}},"3":{"start":{"line":16,"column":2},"end":{"line":16,"column":51}},"4":{"start":{"line":17,"column":2},"end":{"line":17,"column":45}},"5":{"start":{"line":19,"column":25},"end":{"line":19,"column":54}},"6":{"start":{"line":20,"column":2},"end":{"line":20,"column":50}},"7":{"start":{"line":22,"column":21},"end":{"line":22,"column":50}},"8":{"start":{"line":23,"column":2},"end":{"line":23,"column":65}},"9":{"start":{"line":24,"column":2},"end":{"line":24,"column":48}},"10":{"start":{"line":25,"column":2},"end":{"line":25,"column":41}},"11":{"start":{"line":27,"column":2},"end":{"line":34,"column":3}},"12":{"start":{"line":28,"column":4},"end":{"line":33,"column":5}},"13":{"start":{"line":29,"column":25},"end":{"line":29,"column":54}},"14":{"start":{"line":30,"column":6},"end":{"line":30,"column":64}},"15":{"start":{"line":31,"column":6},"end":{"line":31,"column":29}},"16":{"start":{"line":32,"column":6},"end":{"line":32,"column":45}},"17":{"start":{"line":36,"column":2},"end":{"line":44,"column":3}},"18":{"start":{"line":37,"column":21},"end":{"line":37,"column":50}},"19":{"start":{"line":38,"column":4},"end":{"line":41,"column":12}},"20":{"start":{"line":42,"column":4},"end":{"line":42,"column":42}},"21":{"start":{"line":43,"column":4},"end":{"line":43,"column":41}},"22":{"start":{"line":46,"column":20},"end":{"line":46,"column":49}},"23":{"start":{"line":47,"column":2},"end":{"line":47,"column":68}},"24":{"start":{"line":48,"column":2},"end":{"line":48,"column":40}},"25":{"start":{"line":49,"column":2},"end":{"line":49,"column":40}},"26":{"start":{"line":51,"column":2},"end":{"line":51,"column":54}},"27":{"start":{"line":53,"column":22},"end":{"line":53,"column":51}},"28":{"start":{"line":54,"column":2},"end":{"line":54,"column":43}},"29":{"start":{"line":56,"column":20},"end":{"line":56,"column":47}},"30":{"start":{"line":57,"column":2},"end":{"line":57,"column":66}},"31":{"start":{"line":58,"column":2},"end":{"line":58,"column":37}},"32":{"start":{"line":60,"column":19},"end":{"line":60,"column":46}},"33":{"start":{"line":61,"column":2},"end":{"line":61,"column":47}},"34":{"start":{"line":62,"column":2},"end":{"line":62,"column":36}},"35":{"start":{"line":64,"column":18},"end":{"line":64,"column":45}},"36":{"start":{"line":65,"column":2},"end":{"line":65,"column":61}},"37":{"start":{"line":66,"column":2},"end":{"line":66,"column":35}},"38":{"start":{"line":68,"column":20},"end":{"line":68,"column":47}},"39":{"start":{"line":69,"column":2},"end":{"line":69,"column":57}},"40":{"start":{"line":70,"column":2},"end":{"line":70,"column":37}},"41":{"start":{"line":72,"column":2},"end":{"line":76,"column":3}},"42":{"start":{"line":73,"column":23},"end":{"line":73,"column":50}},"43":{"start":{"line":74,"column":4},"end":{"line":74,"column":66}},"44":{"start":{"line":75,"column":4},"end":{"line":75,"column":40}},"45":{"start":{"line":78,"column":2},"end":{"line":78,"column":51}}},"fnMap":{"0":{"name":"renderRecommendation","decl":{"start":{"line":10,"column":9},"end":{"line":10,"column":29}},"loc":{"start":{"line":10,"column":48},"end":{"line":79,"column":1}},"line":10}},"branchMap":{"0":{"loc":{"start":{"line":12,"column":4},"end":{"line":12,"column":58}},"type":"binary-expr","locations":[{"start":{"line":12,"column":4},"end":{"line":12,"column":13}},{"start":{"line":12,"column":17},"end":{"line":12,"column":58}}],"line":12},"1":{"loc":{"start":{"line":27,"column":2},"end":{"line":34,"column":3}},"type":"if","locations":[{"start":{"line":27,"column":2},"end":{"line":34,"column":3}},{"start":{},"end":{}}],"line":27},"2":{"loc":{"start":{"line":27,"column":6},"end":{"line":27,"column":45}},"type":"binary-expr","locations":[{"start":{"line":27,"column":6},"end":{"line":27,"column":18}},{"start":{"line":27,"column":22},"end":{"line":27,"column":45}}],"line":27},"3":{"loc":{"start":{"line":36,"column":2},"end":{"line":44,"column":3}},"type":"if","locations":[{"start":{"line":36,"column":2},"end":{"line":44,"column":3}},{"start":{},"end":{}}],"line":36},"4":{"loc":{"start":{"line":72,"column":2},"end":{"line":76,"column":3}},"type":"if","locations":[{"start":{"line":72,"column":2},"end":{"line":76,"column":3}},{"start":{},"end":{}}],"line":72},"5":{"loc":{"start":{"line":72,"column":6},"end":{"line":72,"column":45}},"type":"binary-expr","locations":[{"start":{"line":72,"column":6},"end":{"line":72,"column":18}},{"start":{"line":72,"column":22},"end":{"line":72,"column":45}}],"line":72}},"s":{"0":1,"1":1,"2":1,"3":1,"4":1,"5":1,"6":1,"7":1,"8":1,"9":1,"10":1,"11":1,"12":0,"13":0,"14":0,"15":0,"16":0,"17":1,"18":0,"19":0,"20":0,"21":0,"22":1,"23":1,"24":1,"25":1,"26":1,"27":1,"28":1,"29":1,"30":1,"31":1,"32":1,"33":1,"34":1,"35":1,"36":1,"37":1,"38":1,"39":1,"40":1,"41":1,"42":0,"43":0,"44":0,"45":1},"f":{"0":1},"b":{"0":[1,0],"1":[0,1],"2":[1,0],"3":[0,1],"4":[0,1],"5":[1,0]},"_coverageSchema":"1a1c01bbd47fc00a2c39e90264f33305004495a9","hash":"52d50841b0a497da44ec3f2c7ae450bf681e1571"}
,"C:\\Users\\James\\Documents\\GitHub\\Javascript-3\\js\\utils\\getNamePlantsUtils.js": {"path":"C:\\Users\\James\\Documents\\GitHub\\Javascript-3\\js\\utils\\getNamePlantsUtils.js","statementMap":{"0":{"start":{"line":2,"column":2},"end":{"line":21,"column":3}},"1":{"start":{"line":4,"column":6},"end":{"line":4,"column":27}},"2":{"start":{"line":6,"column":6},"end":{"line":6,"column":25}},"3":{"start":{"line":8,"column":6},"end":{"line":8,"column":25}},"4":{"start":{"line":10,"column":6},"end":{"line":10,"column":27}},"5":{"start":{"line":12,"column":6},"end":{"line":12,"column":26}},"6":{"start":{"line":14,"column":6},"end":{"line":14,"column":24}},"7":{"start":{"line":16,"column":6},"end":{"line":16,"column":26}},"8":{"start":{"line":18,"column":6},"end":{"line":18,"column":22}},"9":{"start":{"line":20,"column":6},"end":{"line":20,"column":25}}},"fnMap":{"0":{"name":"getRealPlantName","decl":{"start":{"line":1,"column":9},"end":{"line":1,"column":25}},"loc":{"start":{"line":1,"column":39},"end":{"line":22,"column":1}},"line":1}},"branchMap":{"0":{"loc":{"start":{"line":2,"column":2},"end":{"line":21,"column":3}},"type":"switch","locations":[{"start":{"line":3,"column":4},"end":{"line":4,"column":27}},{"start":{"line":5,"column":4},"end":{"line":6,"column":25}},{"start":{"line":7,"column":4},"end":{"line":8,"column":25}},{"start":{"line":9,"column":4},"end":{"line":10,"column":27}},{"start":{"line":11,"column":4},"end":{"line":12,"column":26}},{"start":{"line":13,"column":4},"end":{"line":14,"column":24}},{"start":{"line":15,"column":4},"end":{"line":16,"column":26}},{"start":{"line":17,"column":4},"end":{"line":18,"column":22}},{"start":{"line":19,"column":4},"end":{"line":20,"column":25}}],"line":2}},"s":{"0":3,"1":0,"2":0,"3":0,"4":0,"5":0,"6":0,"7":0,"8":0,"9":0},"f":{"0":3},"b":{"0":[0,0,0,0,0,0,0,0,0]},"_coverageSchema":"1a1c01bbd47fc00a2c39e90264f33305004495a9","hash":"fd52aa5c6c6bb27fd0fdfb93a70875e182fa9991"}
,"C:\\Users\\James\\Documents\\GitHub\\Javascript-3\\js\\utils\\imageUtils.js": {"path":"C:\\Users\\James\\Documents\\GitHub\\Javascript-3\\js\\utils\\imageUtils.js","statementMap":{"0":{"start":{"line":2,"column":2},"end":{"line":23,"column":3}},"1":{"start":{"line":4,"column":6},"end":{"line":4,"column":33}},"2":{"start":{"line":6,"column":6},"end":{"line":6,"column":31}},"3":{"start":{"line":8,"column":6},"end":{"line":8,"column":26}},"4":{"start":{"line":10,"column":6},"end":{"line":10,"column":26}},"5":{"start":{"line":12,"column":6},"end":{"line":12,"column":38}},"6":{"start":{"line":14,"column":6},"end":{"line":14,"column":30}},"7":{"start":{"line":16,"column":6},"end":{"line":16,"column":38}},"8":{"start":{"line":18,"column":6},"end":{"line":18,"column":28}},"9":{"start":{"line":20,"column":6},"end":{"line":20,"column":32}},"10":{"start":{"line":22,"column":6},"end":{"line":22,"column":16}},"11":{"start":{"line":27,"column":16},"end":{"line":27,"column":40}},"12":{"start":{"line":29,"column":2},"end":{"line":33,"column":3}},"13":{"start":{"line":30,"column":4},"end":{"line":30,"column":28}},"14":{"start":{"line":31,"column":9},"end":{"line":33,"column":3}},"15":{"start":{"line":32,"column":4},"end":{"line":32,"column":50}},"16":{"start":{"line":35,"column":2},"end":{"line":37,"column":3}},"17":{"start":{"line":36,"column":4},"end":{"line":36,"column":27}},"18":{"start":{"line":39,"column":2},"end":{"line":39,"column":17}},"19":{"start":{"line":43,"column":2},"end":{"line":52,"column":3}},"20":{"start":{"line":45,"column":6},"end":{"line":45,"column":25}},"21":{"start":{"line":47,"column":6},"end":{"line":47,"column":23}},"22":{"start":{"line":49,"column":6},"end":{"line":49,"column":27}},"23":{"start":{"line":51,"column":6},"end":{"line":51,"column":16}},"24":{"start":{"line":55,"column":2},"end":{"line":64,"column":3}},"25":{"start":{"line":57,"column":6},"end":{"line":57,"column":31}},"26":{"start":{"line":59,"column":6},"end":{"line":59,"column":29}},"27":{"start":{"line":61,"column":6},"end":{"line":61,"column":30}},"28":{"start":{"line":63,"column":6},"end":{"line":63,"column":16}}},"fnMap":{"0":{"name":"getPlantImageName","decl":{"start":{"line":1,"column":9},"end":{"line":1,"column":26}},"loc":{"start":{"line":1,"column":38},"end":{"line":24,"column":1}},"line":1},"1":{"name":"getPotImageName","decl":{"start":{"line":26,"column":9},"end":{"line":26,"column":24}},"loc":{"start":{"line":26,"column":49},"end":{"line":40,"column":1}},"line":26},"2":{"name":"getExtraImageName","decl":{"start":{"line":42,"column":9},"end":{"line":42,"column":26}},"loc":{"start":{"line":42,"column":34},"end":{"line":53,"column":1}},"line":42},"3":{"name":"getSoilImageName","decl":{"start":{"line":54,"column":9},"end":{"line":54,"column":25}},"loc":{"start":{"line":54,"column":36},"end":{"line":65,"column":1}},"line":54}},"branchMap":{"0":{"loc":{"start":{"line":2,"column":2},"end":{"line":23,"column":3}},"type":"switch","locations":[{"start":{"line":3,"column":4},"end":{"line":4,"column":33}},{"start":{"line":5,"column":4},"end":{"line":6,"column":31}},{"start":{"line":7,"column":4},"end":{"line":8,"column":26}},{"start":{"line":9,"column":4},"end":{"line":10,"column":26}},{"start":{"line":11,"column":4},"end":{"line":12,"column":38}},{"start":{"line":13,"column":4},"end":{"line":14,"column":30}},{"start":{"line":15,"column":4},"end":{"line":16,"column":38}},{"start":{"line":17,"column":4},"end":{"line":18,"column":28}},{"start":{"line":19,"column":4},"end":{"line":20,"column":32}},{"start":{"line":21,"column":4},"end":{"line":22,"column":16}}],"line":2},"1":{"loc":{"start":{"line":29,"column":2},"end":{"line":33,"column":3}},"type":"if","locations":[{"start":{"line":29,"column":2},"end":{"line":33,"column":3}},{"start":{"line":31,"column":9},"end":{"line":33,"column":3}}],"line":29},"2":{"loc":{"start":{"line":31,"column":9},"end":{"line":33,"column":3}},"type":"if","locations":[{"start":{"line":31,"column":9},"end":{"line":33,"column":3}},{"start":{},"end":{}}],"line":31},"3":{"loc":{"start":{"line":35,"column":2},"end":{"line":37,"column":3}},"type":"if","locations":[{"start":{"line":35,"column":2},"end":{"line":37,"column":3}},{"start":{},"end":{}}],"line":35},"4":{"loc":{"start":{"line":43,"column":2},"end":{"line":52,"column":3}},"type":"switch","locations":[{"start":{"line":44,"column":4},"end":{"line":45,"column":25}},{"start":{"line":46,"column":4},"end":{"line":47,"column":23}},{"start":{"line":48,"column":4},"end":{"line":49,"column":27}},{"start":{"line":50,"column":4},"end":{"line":51,"column":16}}],"line":43},"5":{"loc":{"start":{"line":55,"column":2},"end":{"line":64,"column":3}},"type":"switch","locations":[{"start":{"line":56,"column":4},"end":{"line":57,"column":31}},{"start":{"line":58,"column":4},"end":{"line":59,"column":29}},{"start":{"line":60,"column":4},"end":{"line":61,"column":30}},{"start":{"line":62,"column":4},"end":{"line":63,"column":16}}],"line":55}},"s":{"0":1,"1":0,"2":0,"3":0,"4":0,"5":0,"6":0,"7":0,"8":0,"9":0,"10":1,"11":0,"12":0,"13":0,"14":0,"15":0,"16":0,"17":0,"18":0,"19":0,"20":0,"21":0,"22":0,"23":0,"24":1,"25":0,"26":0,"27":0,"28":1},"f":{"0":1,"1":0,"2":0,"3":1},"b":{"0":[0,0,0,0,0,0,0,0,0,1],"1":[0,0],"2":[0,0],"3":[0,0],"4":[0,0,0,0],"5":[0,0,0,1]},"_coverageSchema":"1a1c01bbd47fc00a2c39e90264f33305004495a9","hash":"c4b356a02df4223edbec4df6b270f6584743f8ed"}
}
